This file contains any messages produced by compilers while
running configure, to aid debugging if configure makes a mistake.

It was created by mcsim configure 5.6.6, which was
generated by GNU Autoconf 2.69.  Invocation command line was

  $ ./configure --prefix=/home/ubuntu

## --------- ##
## Platform. ##
## --------- ##

hostname = nanhung-mcsim-4725743
uname -m = x86_64
uname -r = 4.9.17-c9
uname -s = Linux
uname -v = #1 SMP Thu Mar 23 01:38:54 UTC 2017

/usr/bin/uname -p = unknown
/bin/uname -X     = unknown

/bin/arch              = unknown
/usr/bin/arch -k       = unknown
/usr/convex/getsysinfo = unknown
/usr/bin/hostinfo      = unknown
/bin/machine           = unknown
/usr/bin/oslevel       = unknown
/bin/universe          = unknown

PATH: /home/ubuntu/.nvm/versions/node/v4.6.1/bin
PATH: /usr/local/rvm/gems/ruby-2.3.0/bin
PATH: /usr/local/rvm/gems/ruby-2.3.0@global/bin
PATH: /usr/local/rvm/rubies/ruby-2.3.0/bin
PATH: /mnt/shared/bin
PATH: /home/ubuntu/workspace/node_modules/.bin
PATH: /home/ubuntu/bin
PATH: /usr/local/sbin
PATH: /usr/local/bin
PATH: /usr/sbin
PATH: /usr/bin
PATH: /sbin
PATH: /bin
PATH: /mnt/shared/sbin
PATH: /opt/gitl
PATH: /opt/go/bin
PATH: /mnt/shared/c9/app.nw/bin
PATH: /usr/local/rvm/bin


## ----------- ##
## Core tests. ##
## ----------- ##

configure:2256: checking for a BSD-compatible install
configure:2324: result: /usr/bin/install -c
configure:2335: checking whether build environment is sane
configure:2390: result: yes
configure:2541: checking for a thread-safe mkdir -p
configure:2580: result: /bin/mkdir -p
configure:2587: checking for gawk
configure:2603: found /usr/bin/gawk
configure:2614: result: gawk
configure:2625: checking whether make sets $(MAKE)
configure:2647: result: yes
configure:2676: checking whether make supports nested variables
configure:2693: result: yes
configure:2830: checking for style of include used by make
configure:2858: result: GNU
configure:2929: checking for gcc
configure:2945: found /usr/bin/gcc
configure:2956: result: gcc
configure:3185: checking for C compiler version
configure:3194: gcc --version >&5
gcc (Ubuntu 4.8.4-2ubuntu1~14.04.3) 4.8.4
Copyright (C) 2013 Free Software Foundation, Inc.
This is free software; see the source for copying conditions.  There is NO
warranty; not even for MERCHANTABILITY or FITNESS FOR A PARTICULAR PURPOSE.

configure:3205: $? = 0
configure:3194: gcc -v >&5
Using built-in specs.
COLLECT_GCC=gcc
COLLECT_LTO_WRAPPER=/usr/lib/gcc/x86_64-linux-gnu/4.8/lto-wrapper
Target: x86_64-linux-gnu
Configured with: ../src/configure -v --with-pkgversion='Ubuntu 4.8.4-2ubuntu1~14.04.3' --with-bugurl=file:///usr/share/doc/gcc-4.8/README.Bugs --enable-languages=c,c++,java,go,d,fortran,objc,obj-c++ --prefix=/usr --program-suffix=-4.8 --enable-shared --enable-linker-build-id --libexecdir=/usr/lib --without-included-gettext --enable-threads=posix --with-gxx-include-dir=/usr/include/c++/4.8 --libdir=/usr/lib --enable-nls --with-sysroot=/ --enable-clocale=gnu --enable-libstdcxx-debug --enable-libstdcxx-time=yes --enable-gnu-unique-object --disable-libmudflap --enable-plugin --with-system-zlib --disable-browser-plugin --enable-java-awt=gtk --enable-gtk-cairo --with-java-home=/usr/lib/jvm/java-1.5.0-gcj-4.8-amd64/jre --enable-java-home --with-jvm-root-dir=/usr/lib/jvm/java-1.5.0-gcj-4.8-amd64 --with-jvm-jar-dir=/usr/lib/jvm-exports/java-1.5.0-gcj-4.8-amd64 --with-arch-directory=amd64 --with-ecj-jar=/usr/share/java/eclipse-ecj.jar --enable-objc-gc --enable-multiarch --disable-werror --with-arch-32=i686 --with-abi=m64 --with-multilib-list=m32,m64,mx32 --with-tune=generic --enable-checking=release --build=x86_64-linux-gnu --host=x86_64-linux-gnu --target=x86_64-linux-gnu
Thread model: posix
gcc version 4.8.4 (Ubuntu 4.8.4-2ubuntu1~14.04.3) 
configure:3205: $? = 0
configure:3194: gcc -V >&5
gcc: error: unrecognized command line option '-V'
gcc: fatal error: no input files
compilation terminated.
configure:3205: $? = 4
configure:3194: gcc -qversion >&5
gcc: error: unrecognized command line option '-qversion'
gcc: fatal error: no input files
compilation terminated.
configure:3205: $? = 4
configure:3225: checking whether the C compiler works
configure:3247: gcc    conftest.c  >&5
configure:3251: $? = 0
configure:3299: result: yes
configure:3302: checking for C compiler default output file name
configure:3304: result: a.out
configure:3310: checking for suffix of executables
configure:3317: gcc -o conftest    conftest.c  >&5
configure:3321: $? = 0
configure:3343: result: 
configure:3365: checking whether we are cross compiling
configure:3373: gcc -o conftest    conftest.c  >&5
configure:3377: $? = 0
configure:3384: ./conftest
configure:3388: $? = 0
configure:3403: result: no
configure:3408: checking for suffix of object files
configure:3430: gcc -c   conftest.c >&5
configure:3434: $? = 0
configure:3455: result: o
configure:3459: checking whether we are using the GNU C compiler
configure:3478: gcc -c   conftest.c >&5
configure:3478: $? = 0
configure:3487: result: yes
configure:3496: checking whether gcc accepts -g
configure:3516: gcc -c -g  conftest.c >&5
configure:3516: $? = 0
configure:3557: result: yes
configure:3574: checking for gcc option to accept ISO C89
configure:3637: gcc  -c -g -O2  conftest.c >&5
configure:3637: $? = 0
configure:3650: result: none needed
configure:3675: checking whether gcc understands -c and -o together
configure:3697: gcc -c conftest.c -o conftest2.o
configure:3700: $? = 0
configure:3697: gcc -c conftest.c -o conftest2.o
configure:3700: $? = 0
configure:3712: result: yes
configure:3731: checking dependency style of gcc
configure:3842: result: gcc3
configure:3907: checking for ar
configure:3923: found /usr/bin/ar
configure:3934: result: ar
configure:3960: checking the archiver (ar) interface
configure:3976: gcc -c -g -O2  conftest.c >&5
configure:3976: $? = 0
configure:3978: ar cru libconftest.a conftest.o >&5
configure:3981: $? = 0
configure:4009: result: ar
configure:4058: checking build system type
configure:4072: result: x86_64-unknown-linux-gnu
configure:4092: checking host system type
configure:4105: result: x86_64-unknown-linux-gnu
configure:4146: checking how to print strings
configure:4173: result: printf
configure:4194: checking for a sed that does not truncate output
configure:4258: result: /bin/sed
configure:4276: checking for grep that handles long lines and -e
configure:4334: result: /bin/grep
configure:4339: checking for egrep
configure:4401: result: /bin/grep -E
configure:4406: checking for fgrep
configure:4468: result: /bin/grep -F
configure:4503: checking for ld used by gcc
configure:4570: result: /usr/bin/ld
configure:4577: checking if the linker (/usr/bin/ld) is GNU ld
configure:4592: result: yes
configure:4604: checking for BSD- or MS-compatible name lister (nm)
configure:4653: result: /usr/bin/nm -B
configure:4783: checking the name lister (/usr/bin/nm -B) interface
configure:4790: gcc -c -g -O2  conftest.c >&5
configure:4793: /usr/bin/nm -B "conftest.o"
configure:4796: output
0000000000000000 B some_variable
configure:4803: result: BSD nm
configure:4806: checking whether ln -s works
configure:4810: result: yes
configure:4818: checking the maximum length of command line arguments
configure:4949: result: 1572864
configure:4966: checking whether the shell understands some XSI constructs
configure:4976: result: yes
configure:4980: checking whether the shell understands "+="
configure:4986: result: yes
configure:5021: checking how to convert x86_64-unknown-linux-gnu file names to x86_64-unknown-linux-gnu format
configure:5061: result: func_convert_file_noop
configure:5068: checking how to convert x86_64-unknown-linux-gnu file names to toolchain format
configure:5088: result: func_convert_file_noop
configure:5095: checking for /usr/bin/ld option to reload object files
configure:5102: result: -r
configure:5176: checking for objdump
configure:5192: found /usr/bin/objdump
configure:5203: result: objdump
configure:5235: checking how to recognize dependent libraries
configure:5433: result: pass_all
configure:5518: checking for dlltool
configure:5548: result: no
configure:5578: checking how to associate runtime and link libraries
configure:5605: result: printf %s\n
configure:5729: checking for archiver @FILE support
configure:5746: gcc -c -g -O2  conftest.c >&5
configure:5746: $? = 0
configure:5749: ar cru libconftest.a @conftest.lst >&5
configure:5752: $? = 0
configure:5757: ar cru libconftest.a @conftest.lst >&5
ar: conftest.o: No such file or directory
configure:5760: $? = 1
configure:5772: result: @
configure:5830: checking for strip
configure:5846: found /usr/bin/strip
configure:5857: result: strip
configure:5929: checking for ranlib
configure:5945: found /usr/bin/ranlib
configure:5956: result: ranlib
configure:6058: checking command to parse /usr/bin/nm -B output from gcc object
configure:6178: gcc -c -g -O2  conftest.c >&5
configure:6181: $? = 0
configure:6185: /usr/bin/nm -B conftest.o \| sed -n -e 's/^.*[ ]\([ABCDGIRSTW][ABCDGIRSTW]*\)[ ][ ]*\([_A-Za-z][_A-Za-z0-9]*\)$/\1 \2 \2/p' | sed '/ __gnu_lto/d' \> conftest.nm
configure:6188: $? = 0
configure:6254: gcc -o conftest -g -O2   conftest.c conftstm.o >&5
configure:6257: $? = 0
configure:6295: result: ok
configure:6332: checking for sysroot
configure:6362: result: no
configure:6439: gcc -c -g -O2  conftest.c >&5
configure:6442: $? = 0
configure:6631: checking for mt
configure:6647: found /bin/mt
configure:6658: result: mt
configure:6681: checking if mt is a manifest tool
configure:6687: mt '-?'
configure:6695: result: no
configure:7337: checking how to run the C preprocessor
configure:7368: gcc -E  conftest.c
configure:7368: $? = 0
configure:7382: gcc -E  conftest.c
conftest.c:11:28: fatal error: ac_nonexistent.h: No such file or directory
 #include <ac_nonexistent.h>
                            ^
compilation terminated.
configure:7382: $? = 1
configure: failed program was:
| /* confdefs.h */
| #define PACKAGE_NAME "mcsim"
| #define PACKAGE_TARNAME "mcsim"
| #define PACKAGE_VERSION "5.6.6"
| #define PACKAGE_STRING "mcsim 5.6.6"
| #define PACKAGE_BUGREPORT "bug-mcsim@gnu.org"
| #define PACKAGE_URL ""
| #define PACKAGE "mcsim"
| #define VERSION "5.6.6"
| /* end confdefs.h.  */
| #include <ac_nonexistent.h>
configure:7407: result: gcc -E
configure:7427: gcc -E  conftest.c
configure:7427: $? = 0
configure:7441: gcc -E  conftest.c
conftest.c:11:28: fatal error: ac_nonexistent.h: No such file or directory
 #include <ac_nonexistent.h>
                            ^
compilation terminated.
configure:7441: $? = 1
configure: failed program was:
| /* confdefs.h */
| #define PACKAGE_NAME "mcsim"
| #define PACKAGE_TARNAME "mcsim"
| #define PACKAGE_VERSION "5.6.6"
| #define PACKAGE_STRING "mcsim 5.6.6"
| #define PACKAGE_BUGREPORT "bug-mcsim@gnu.org"
| #define PACKAGE_URL ""
| #define PACKAGE "mcsim"
| #define VERSION "5.6.6"
| /* end confdefs.h.  */
| #include <ac_nonexistent.h>
configure:7470: checking for ANSI C header files
configure:7490: gcc -c -g -O2  conftest.c >&5
configure:7490: $? = 0
configure:7563: gcc -o conftest -g -O2   conftest.c  >&5
configure:7563: $? = 0
configure:7563: ./conftest
configure:7563: $? = 0
configure:7574: result: yes
configure:7587: checking for sys/types.h
configure:7587: gcc -c -g -O2  conftest.c >&5
configure:7587: $? = 0
configure:7587: result: yes
configure:7587: checking for sys/stat.h
configure:7587: gcc -c -g -O2  conftest.c >&5
configure:7587: $? = 0
configure:7587: result: yes
configure:7587: checking for stdlib.h
configure:7587: gcc -c -g -O2  conftest.c >&5
configure:7587: $? = 0
configure:7587: result: yes
configure:7587: checking for string.h
configure:7587: gcc -c -g -O2  conftest.c >&5
configure:7587: $? = 0
configure:7587: result: yes
configure:7587: checking for memory.h
configure:7587: gcc -c -g -O2  conftest.c >&5
configure:7587: $? = 0
configure:7587: result: yes
configure:7587: checking for strings.h
configure:7587: gcc -c -g -O2  conftest.c >&5
configure:7587: $? = 0
configure:7587: result: yes
configure:7587: checking for inttypes.h
configure:7587: gcc -c -g -O2  conftest.c >&5
configure:7587: $? = 0
configure:7587: result: yes
configure:7587: checking for stdint.h
configure:7587: gcc -c -g -O2  conftest.c >&5
configure:7587: $? = 0
configure:7587: result: yes
configure:7587: checking for unistd.h
configure:7587: gcc -c -g -O2  conftest.c >&5
configure:7587: $? = 0
configure:7587: result: yes
configure:7601: checking for dlfcn.h
configure:7601: gcc -c -g -O2  conftest.c >&5
configure:7601: $? = 0
configure:7601: result: yes
configure:7807: checking for objdir
configure:7822: result: .libs
configure:8093: checking if gcc supports -fno-rtti -fno-exceptions
configure:8111: gcc -c -g -O2  -fno-rtti -fno-exceptions conftest.c >&5
cc1: warning: command line option '-fno-rtti' is valid for C++/ObjC++ but not for C [enabled by default]
configure:8115: $? = 0
configure:8128: result: no
configure:8455: checking for gcc option to produce PIC
configure:8462: result: -fPIC -DPIC
configure:8470: checking if gcc PIC flag -fPIC -DPIC works
configure:8488: gcc -c -g -O2  -fPIC -DPIC -DPIC conftest.c >&5
configure:8492: $? = 0
configure:8505: result: yes
configure:8534: checking if gcc static flag -static works
configure:8562: result: yes
configure:8577: checking if gcc supports -c -o file.o
configure:8598: gcc -c -g -O2  -o out/conftest2.o conftest.c >&5
configure:8602: $? = 0
configure:8624: result: yes
configure:8632: checking if gcc supports -c -o file.o
configure:8679: result: yes
configure:8712: checking whether the gcc linker (/usr/bin/ld -m elf_x86_64) supports shared libraries
configure:9869: result: yes
configure:9906: checking whether -lc should be explicitly linked in
configure:9914: gcc -c -g -O2  conftest.c >&5
configure:9917: $? = 0
configure:9932: gcc -shared  -fPIC -DPIC conftest.o  -v -Wl,-soname -Wl,conftest -o conftest 2\>\&1 \| /bin/grep  -lc  \>/dev/null 2\>\&1
configure:9935: $? = 0
configure:9949: result: no
configure:10109: checking dynamic linker characteristics
configure:10609: gcc -o conftest -g -O2   -Wl,-rpath -Wl,/foo conftest.c  >&5
configure:10609: $? = 0
configure:10843: result: GNU/Linux ld.so
configure:10950: checking how to hardcode library paths into programs
configure:10975: result: immediate
configure:11515: checking whether stripping libraries is possible
configure:11520: result: yes
configure:11555: checking if libtool supports shared libraries
configure:11557: result: yes
configure:11560: checking whether to build shared libraries
configure:11581: result: yes
configure:11584: checking whether to build static libraries
configure:11588: result: yes
configure:11675: checking for gcc
configure:11702: result: gcc
configure:11931: checking for C compiler version
configure:11940: gcc --version >&5
gcc (Ubuntu 4.8.4-2ubuntu1~14.04.3) 4.8.4
Copyright (C) 2013 Free Software Foundation, Inc.
This is free software; see the source for copying conditions.  There is NO
warranty; not even for MERCHANTABILITY or FITNESS FOR A PARTICULAR PURPOSE.

configure:11951: $? = 0
configure:11940: gcc -v >&5
Using built-in specs.
COLLECT_GCC=gcc
COLLECT_LTO_WRAPPER=/usr/lib/gcc/x86_64-linux-gnu/4.8/lto-wrapper
Target: x86_64-linux-gnu
Configured with: ../src/configure -v --with-pkgversion='Ubuntu 4.8.4-2ubuntu1~14.04.3' --with-bugurl=file:///usr/share/doc/gcc-4.8/README.Bugs --enable-languages=c,c++,java,go,d,fortran,objc,obj-c++ --prefix=/usr --program-suffix=-4.8 --enable-shared --enable-linker-build-id --libexecdir=/usr/lib --without-included-gettext --enable-threads=posix --with-gxx-include-dir=/usr/include/c++/4.8 --libdir=/usr/lib --enable-nls --with-sysroot=/ --enable-clocale=gnu --enable-libstdcxx-debug --enable-libstdcxx-time=yes --enable-gnu-unique-object --disable-libmudflap --enable-plugin --with-system-zlib --disable-browser-plugin --enable-java-awt=gtk --enable-gtk-cairo --with-java-home=/usr/lib/jvm/java-1.5.0-gcj-4.8-amd64/jre --enable-java-home --with-jvm-root-dir=/usr/lib/jvm/java-1.5.0-gcj-4.8-amd64 --with-jvm-jar-dir=/usr/lib/jvm-exports/java-1.5.0-gcj-4.8-amd64 --with-arch-directory=amd64 --with-ecj-jar=/usr/share/java/eclipse-ecj.jar --enable-objc-gc --enable-multiarch --disable-werror --with-arch-32=i686 --with-abi=m64 --with-multilib-list=m32,m64,mx32 --with-tune=generic --enable-checking=release --build=x86_64-linux-gnu --host=x86_64-linux-gnu --target=x86_64-linux-gnu
Thread model: posix
gcc version 4.8.4 (Ubuntu 4.8.4-2ubuntu1~14.04.3) 
configure:11951: $? = 0
configure:11940: gcc -V >&5
gcc: error: unrecognized command line option '-V'
gcc: fatal error: no input files
compilation terminated.
configure:11951: $? = 4
configure:11940: gcc -qversion >&5
gcc: error: unrecognized command line option '-qversion'
gcc: fatal error: no input files
compilation terminated.
configure:11951: $? = 4
configure:11955: checking whether we are using the GNU C compiler
configure:11983: result: yes
configure:11992: checking whether gcc accepts -g
configure:12053: result: yes
configure:12070: checking for gcc option to accept ISO C89
configure:12146: result: none needed
configure:12171: checking whether gcc understands -c and -o together
configure:12208: result: yes
configure:12227: checking dependency style of gcc
configure:12338: result: gcc3
configure:12357: checking for wish
configure:12373: found /usr/bin/wish
configure:12384: result: yes
configure:12394: checking for gnuplot
configure:12424: result: no
configure:12431: checking for main in -lgslcblas
configure:12450: gcc -o conftest -g -O2   conftest.c -lgslcblas   >&5
/usr/bin/ld: cannot find -lgslcblas
collect2: error: ld returned 1 exit status
configure:12450: $? = 1
configure: failed program was:
| /* confdefs.h */
| #define PACKAGE_NAME "mcsim"
| #define PACKAGE_TARNAME "mcsim"
| #define PACKAGE_VERSION "5.6.6"
| #define PACKAGE_STRING "mcsim 5.6.6"
| #define PACKAGE_BUGREPORT "bug-mcsim@gnu.org"
| #define PACKAGE_URL ""
| #define PACKAGE "mcsim"
| #define VERSION "5.6.6"
| #define STDC_HEADERS 1
| #define HAVE_SYS_TYPES_H 1
| #define HAVE_SYS_STAT_H 1
| #define HAVE_STDLIB_H 1
| #define HAVE_STRING_H 1
| #define HAVE_MEMORY_H 1
| #define HAVE_STRINGS_H 1
| #define HAVE_INTTYPES_H 1
| #define HAVE_STDINT_H 1
| #define HAVE_UNISTD_H 1
| #define HAVE_DLFCN_H 1
| #define LT_OBJDIR ".libs/"
| /* end confdefs.h.  */
| 
| 
| int
| main ()
| {
| return main ();
|   ;
|   return 0;
| }
configure:12459: result: no
configure:12470: checking for gsl_cdf_gamma_P in -lgsl
configure:12495: gcc -o conftest -g -O2   conftest.c -lgsl   >&5
/usr/bin/ld: cannot find -lgsl
collect2: error: ld returned 1 exit status
configure:12495: $? = 1
configure: failed program was:
| /* confdefs.h */
| #define PACKAGE_NAME "mcsim"
| #define PACKAGE_TARNAME "mcsim"
| #define PACKAGE_VERSION "5.6.6"
| #define PACKAGE_STRING "mcsim 5.6.6"
| #define PACKAGE_BUGREPORT "bug-mcsim@gnu.org"
| #define PACKAGE_URL ""
| #define PACKAGE "mcsim"
| #define VERSION "5.6.6"
| #define STDC_HEADERS 1
| #define HAVE_SYS_TYPES_H 1
| #define HAVE_SYS_STAT_H 1
| #define HAVE_STDLIB_H 1
| #define HAVE_STRING_H 1
| #define HAVE_MEMORY_H 1
| #define HAVE_STRINGS_H 1
| #define HAVE_INTTYPES_H 1
| #define HAVE_STDINT_H 1
| #define HAVE_UNISTD_H 1
| #define HAVE_DLFCN_H 1
| #define LT_OBJDIR ".libs/"
| /* end confdefs.h.  */
| 
| /* Override any GCC internal prototype to avoid an error.
|    Use char because int might match the return type of a GCC
|    builtin and then its argument prototype would still apply.  */
| #ifdef __cplusplus
| extern "C"
| #endif
| char gsl_cdf_gamma_P ();
| int
| main ()
| {
| return gsl_cdf_gamma_P ();
|   ;
|   return 0;
| }
configure:12504: result: no
configure:12515: checking for main in -lm
configure:12534: gcc -o conftest -g -O2   conftest.c -lm   >&5
configure:12534: $? = 0
configure:12543: result: yes
configure:12554: checking for main in -lsbml
configure:12573: gcc -o conftest -g -O2   conftest.c -lsbml  -lm  >&5
/usr/bin/ld: cannot find -lsbml
collect2: error: ld returned 1 exit status
configure:12573: $? = 1
configure: failed program was:
| /* confdefs.h */
| #define PACKAGE_NAME "mcsim"
| #define PACKAGE_TARNAME "mcsim"
| #define PACKAGE_VERSION "5.6.6"
| #define PACKAGE_STRING "mcsim 5.6.6"
| #define PACKAGE_BUGREPORT "bug-mcsim@gnu.org"
| #define PACKAGE_URL ""
| #define PACKAGE "mcsim"
| #define VERSION "5.6.6"
| #define STDC_HEADERS 1
| #define HAVE_SYS_TYPES_H 1
| #define HAVE_SYS_STAT_H 1
| #define HAVE_STDLIB_H 1
| #define HAVE_STRING_H 1
| #define HAVE_MEMORY_H 1
| #define HAVE_STRINGS_H 1
| #define HAVE_INTTYPES_H 1
| #define HAVE_STDINT_H 1
| #define HAVE_UNISTD_H 1
| #define HAVE_DLFCN_H 1
| #define LT_OBJDIR ".libs/"
| #define HAVE_LIBM 1
| /* end confdefs.h.  */
| 
| 
| int
| main ()
| {
| return main ();
|   ;
|   return 0;
| }
configure:12582: result: no
configure:12595: checking for ANSI C header files
configure:12699: result: yes
configure:12710: checking float.h usability
configure:12710: gcc -c -g -O2  conftest.c >&5
configure:12710: $? = 0
configure:12710: result: yes
configure:12710: checking float.h presence
configure:12710: gcc -E  conftest.c
configure:12710: $? = 0
configure:12710: result: yes
configure:12710: checking for float.h
configure:12710: result: yes
configure:12710: checking limits.h usability
configure:12710: gcc -c -g -O2  conftest.c >&5
configure:12710: $? = 0
configure:12710: result: yes
configure:12710: checking limits.h presence
configure:12710: gcc -E  conftest.c
configure:12710: $? = 0
configure:12710: result: yes
configure:12710: checking for limits.h
configure:12710: result: yes
configure:12722: checking for an ANSI C-conforming const
configure:12788: gcc -c -g -O2  conftest.c >&5
configure:12788: $? = 0
configure:12795: result: yes
configure:12803: checking whether struct tm is in sys/time.h or time.h
configure:12823: gcc -c -g -O2  conftest.c >&5
configure:12823: $? = 0
configure:12830: result: time.h
configure:12842: checking for stdlib.h
configure:12842: result: yes
configure:12852: checking for GNU libc compatible malloc
configure:12876: gcc -o conftest -g -O2   conftest.c -lm  >&5
configure:12876: $? = 0
configure:12876: ./conftest
configure:12876: $? = 0
configure:12886: result: yes
configure:12909: checking for stdlib.h
configure:12909: result: yes
configure:12919: checking for GNU libc compatible realloc
configure:12943: gcc -o conftest -g -O2   conftest.c -lm  >&5
configure:12943: $? = 0
configure:12943: ./conftest
configure:12943: $? = 0
configure:12953: result: yes
configure:12977: checking for floor
configure:12977: gcc -o conftest -g -O2   conftest.c -lm  >&5
conftest.c:54:6: warning: conflicting types for built-in function 'floor' [enabled by default]
 char floor ();
      ^
configure:12977: $? = 0
configure:12977: result: yes
configure:12977: checking for modf
configure:12977: gcc -o conftest -g -O2   conftest.c -lm  >&5
conftest.c:55:6: warning: conflicting types for built-in function 'modf' [enabled by default]
 char modf ();
      ^
configure:12977: $? = 0
configure:12977: result: yes
configure:12977: checking for pow
configure:12977: gcc -o conftest -g -O2   conftest.c -lm  >&5
conftest.c:56:6: warning: conflicting types for built-in function 'pow' [enabled by default]
 char pow ();
      ^
configure:12977: $? = 0
configure:12977: result: yes
configure:12977: checking for sqrt
configure:12977: gcc -o conftest -g -O2   conftest.c -lm  >&5
conftest.c:57:6: warning: conflicting types for built-in function 'sqrt' [enabled by default]
 char sqrt ();
      ^
configure:12977: $? = 0
configure:12977: result: yes
configure:12977: checking for strchr
configure:12977: gcc -o conftest -g -O2   conftest.c -lm  >&5
conftest.c:58:6: warning: conflicting types for built-in function 'strchr' [enabled by default]
 char strchr ();
      ^
configure:12977: $? = 0
configure:12977: result: yes
configure:13105: checking that generated files are newer than configure
configure:13111: result: done
configure:13138: creating ./config.status

## ---------------------- ##
## Running config.status. ##
## ---------------------- ##

This file was extended by mcsim config.status 5.6.6, which was
generated by GNU Autoconf 2.69.  Invocation command line was

  CONFIG_FILES    = 
  CONFIG_HEADERS  = 
  CONFIG_LINKS    = 
  CONFIG_COMMANDS = 
  $ ./config.status 

on nanhung-mcsim-4725743

config.status:1101: creating Makefile
config.status:1101: creating mod/Makefile
config.status:1101: creating sim/Makefile
config.status:1101: creating sim/makemcsim
config.status:1101: creating sim/makemcsimd
config.status:1101: creating sim/makemcsims
config.status:1101: creating examples/perc/Makefile
config.status:1101: creating config.h
config.status:1330: executing depfiles commands
config.status:1330: executing libtool commands

## ---------------- ##
## Cache variables. ##
## ---------------- ##

ac_cv_build=x86_64-unknown-linux-gnu
ac_cv_c_compiler_gnu=yes
ac_cv_c_const=yes
ac_cv_env_CC_set=
ac_cv_env_CC_value=
ac_cv_env_CFLAGS_set=
ac_cv_env_CFLAGS_value=
ac_cv_env_CPPFLAGS_set=
ac_cv_env_CPPFLAGS_value=
ac_cv_env_CPP_set=
ac_cv_env_CPP_value=
ac_cv_env_LDFLAGS_set=
ac_cv_env_LDFLAGS_value=
ac_cv_env_LIBS_set=
ac_cv_env_LIBS_value=
ac_cv_env_build_alias_set=
ac_cv_env_build_alias_value=
ac_cv_env_host_alias_set=
ac_cv_env_host_alias_value=
ac_cv_env_target_alias_set=
ac_cv_env_target_alias_value=
ac_cv_func_floor=yes
ac_cv_func_malloc_0_nonnull=yes
ac_cv_func_modf=yes
ac_cv_func_pow=yes
ac_cv_func_realloc_0_nonnull=yes
ac_cv_func_sqrt=yes
ac_cv_func_strchr=yes
ac_cv_header_dlfcn_h=yes
ac_cv_header_float_h=yes
ac_cv_header_inttypes_h=yes
ac_cv_header_limits_h=yes
ac_cv_header_memory_h=yes
ac_cv_header_stdc=yes
ac_cv_header_stdint_h=yes
ac_cv_header_stdlib_h=yes
ac_cv_header_string_h=yes
ac_cv_header_strings_h=yes
ac_cv_header_sys_stat_h=yes
ac_cv_header_sys_types_h=yes
ac_cv_header_unistd_h=yes
ac_cv_host=x86_64-unknown-linux-gnu
ac_cv_lib_gsl_gsl_cdf_gamma_P=no
ac_cv_lib_gslcblas_main=no
ac_cv_lib_m_main=yes
ac_cv_lib_sbml_main=no
ac_cv_objext=o
ac_cv_path_EGREP='/bin/grep -E'
ac_cv_path_FGREP='/bin/grep -F'
ac_cv_path_GREP=/bin/grep
ac_cv_path_SED=/bin/sed
ac_cv_path_install='/usr/bin/install -c'
ac_cv_path_mkdir=/bin/mkdir
ac_cv_prog_AWK=gawk
ac_cv_prog_CPP='gcc -E'
ac_cv_prog_WISH_FOUND=yes
ac_cv_prog_ac_ct_AR=ar
ac_cv_prog_ac_ct_CC=gcc
ac_cv_prog_ac_ct_MANIFEST_TOOL=mt
ac_cv_prog_ac_ct_OBJDUMP=objdump
ac_cv_prog_ac_ct_RANLIB=ranlib
ac_cv_prog_ac_ct_STRIP=strip
ac_cv_prog_cc_c89=
ac_cv_prog_cc_g=yes
ac_cv_prog_make_make_set=yes
ac_cv_struct_tm=time.h
am_cv_CC_dependencies_compiler_type=gcc3
am_cv_ar_interface=ar
am_cv_make_support_nested_variables=yes
am_cv_prog_cc_c_o=yes
lt_cv_ar_at_file=@
lt_cv_archive_cmds_need_lc=no
lt_cv_deplibs_check_method=pass_all
lt_cv_file_magic_cmd='$MAGIC_CMD'
lt_cv_file_magic_test_file=
lt_cv_ld_reload_flag=-r
lt_cv_nm_interface='BSD nm'
lt_cv_objdir=.libs
lt_cv_path_LD=/usr/bin/ld
lt_cv_path_NM='/usr/bin/nm -B'
lt_cv_path_mainfest_tool=no
lt_cv_prog_compiler_c_o=yes
lt_cv_prog_compiler_pic='-fPIC -DPIC'
lt_cv_prog_compiler_pic_works=yes
lt_cv_prog_compiler_rtti_exceptions=no
lt_cv_prog_compiler_static_works=yes
lt_cv_prog_gnu_ld=yes
lt_cv_sharedlib_from_linklib_cmd='printf %s\n'
lt_cv_shlibpath_overrides_runpath=no
lt_cv_sys_global_symbol_pipe='sed -n -e '\''s/^.*[	 ]\([ABCDGIRSTW][ABCDGIRSTW]*\)[	 ][	 ]*\([_A-Za-z][_A-Za-z0-9]*\)$/\1 \2 \2/p'\'' | sed '\''/ __gnu_lto/d'\'''
lt_cv_sys_global_symbol_to_c_name_address='sed -n -e '\''s/^: \([^ ]*\)[ ]*$/  {\"\1\", (void *) 0},/p'\'' -e '\''s/^[ABCDGIRSTW]* \([^ ]*\) \([^ ]*\)$/  {"\2", (void *) \&\2},/p'\'''
lt_cv_sys_global_symbol_to_c_name_address_lib_prefix='sed -n -e '\''s/^: \([^ ]*\)[ ]*$/  {\"\1\", (void *) 0},/p'\'' -e '\''s/^[ABCDGIRSTW]* \([^ ]*\) \(lib[^ ]*\)$/  {"\2", (void *) \&\2},/p'\'' -e '\''s/^[ABCDGIRSTW]* \([^ ]*\) \([^ ]*\)$/  {"lib\2", (void *) \&\2},/p'\'''
lt_cv_sys_global_symbol_to_cdecl='sed -n -e '\''s/^T .* \(.*\)$/extern int \1();/p'\'' -e '\''s/^[ABCDGIRSTW]* .* \(.*\)$/extern char \1;/p'\'''
lt_cv_sys_max_cmd_len=1572864
lt_cv_to_host_file_cmd=func_convert_file_noop
lt_cv_to_tool_file_cmd=func_convert_file_noop

## ----------------- ##
## Output variables. ##
## ----------------- ##

ACLOCAL='${SHELL} /home/ubuntu/workspace/mcsim-5.6.6/missing aclocal-1.14'
AMDEPBACKSLASH='\'
AMDEP_FALSE='#'
AMDEP_TRUE=''
AMTAR='$${TAR-tar}'
AM_BACKSLASH='\'
AM_DEFAULT_V='$(AM_DEFAULT_VERBOSITY)'
AM_DEFAULT_VERBOSITY='1'
AM_V='$(V)'
AR='ar'
AUTOCONF='${SHELL} /home/ubuntu/workspace/mcsim-5.6.6/missing autoconf'
AUTOHEADER='${SHELL} /home/ubuntu/workspace/mcsim-5.6.6/missing autoheader'
AUTOMAKE='${SHELL} /home/ubuntu/workspace/mcsim-5.6.6/missing automake-1.14'
AWK='gawk'
CC='gcc'
CCDEPMODE='depmode=gcc3'
CFLAGS='-g -O2'
CPP='gcc -E'
CPPFLAGS=''
CYGPATH_W='echo'
DEFS='-DHAVE_CONFIG_H'
DEPDIR='.deps'
DLLTOOL='false'
DSYMUTIL=''
DUMPBIN=''
ECHO_C=''
ECHO_N='-n'
ECHO_T=''
EGREP='/bin/grep -E'
EXEEXT=''
FGREP='/bin/grep -F'
GREP='/bin/grep'
INSTALL_DATA='${INSTALL} -m 644'
INSTALL_PROGRAM='${INSTALL}'
INSTALL_SCRIPT='${INSTALL}'
INSTALL_STRIP_PROGRAM='$(install_sh) -c -s'
LD='/usr/bin/ld -m elf_x86_64'
LDFLAGS=''
LIBOBJS=''
LIBS='-lm '
LIBTOOL='$(SHELL) $(top_builddir)/libtool'
LIPO=''
LN_S='ln -s'
LTLIBOBJS=''
MAKEINFO='${SHELL} /home/ubuntu/workspace/mcsim-5.6.6/missing makeinfo'
MANIFEST_TOOL=':'
MKDIR_P='/bin/mkdir -p'
NM='/usr/bin/nm -B'
NMEDIT=''
OBJDUMP='objdump'
OBJEXT='o'
OTOOL64=''
OTOOL=''
PACKAGE='mcsim'
PACKAGE_BUGREPORT='bug-mcsim@gnu.org'
PACKAGE_NAME='mcsim'
PACKAGE_STRING='mcsim 5.6.6'
PACKAGE_TARNAME='mcsim'
PACKAGE_URL=''
PACKAGE_VERSION='5.6.6'
PATH_SEPARATOR=':'
PLOT_FOUND=''
RANLIB='ranlib'
SED='/bin/sed'
SET_MAKE=''
SHELL='/bin/bash'
STRIP='strip'
VERSION='5.6.6'
WISH_FOUND='yes'
ac_ct_AR='ar'
ac_ct_CC='gcc'
ac_ct_DUMPBIN=''
am__EXEEXT_FALSE=''
am__EXEEXT_TRUE='#'
am__fastdepCC_FALSE='#'
am__fastdepCC_TRUE=''
am__include='include'
am__isrc=''
am__leading_dot='.'
am__nodep='_no'
am__quote=''
am__tar='$${TAR-tar} chof - "$$tardir"'
am__untar='$${TAR-tar} xf -'
bindir='${exec_prefix}/bin'
build='x86_64-unknown-linux-gnu'
build_alias=''
build_cpu='x86_64'
build_os='linux-gnu'
build_vendor='unknown'
datadir='${datarootdir}'
datarootdir='${prefix}/share'
docdir='${datarootdir}/doc/${PACKAGE_TARNAME}'
dvidir='${docdir}'
exec_prefix='${prefix}'
host='x86_64-unknown-linux-gnu'
host_alias=''
host_cpu='x86_64'
host_os='linux-gnu'
host_vendor='unknown'
htmldir='${docdir}'
includedir='${prefix}/include'
infodir='${datarootdir}/info'
install_sh='${SHELL} /home/ubuntu/workspace/mcsim-5.6.6/install-sh'
libdir='${exec_prefix}/lib'
libexecdir='${exec_prefix}/libexec'
localedir='${datarootdir}/locale'
localstatedir='${prefix}/var'
mandir='${datarootdir}/man'
mkdir_p='$(MKDIR_P)'
oldincludedir='/usr/include'
pdfdir='${docdir}'
prefix='/home/ubuntu'
program_transform_name='s,x,x,'
psdir='${docdir}'
sbindir='${exec_prefix}/sbin'
sharedstatedir='${prefix}/com'
sysconfdir='${prefix}/etc'
target_alias=''

## ----------- ##
## confdefs.h. ##
## ----------- ##

/* confdefs.h */
#define PACKAGE_NAME "mcsim"
#define PACKAGE_TARNAME "mcsim"
#define PACKAGE_VERSION "5.6.6"
#define PACKAGE_STRING "mcsim 5.6.6"
#define PACKAGE_BUGREPORT "bug-mcsim@gnu.org"
#define PACKAGE_URL ""
#define PACKAGE "mcsim"
#define VERSION "5.6.6"
#define STDC_HEADERS 1
#define HAVE_SYS_TYPES_H 1
#define HAVE_SYS_STAT_H 1
#define HAVE_STDLIB_H 1
#define HAVE_STRING_H 1
#define HAVE_MEMORY_H 1
#define HAVE_STRINGS_H 1
#define HAVE_INTTYPES_H 1
#define HAVE_STDINT_H 1
#define HAVE_UNISTD_H 1
#define HAVE_DLFCN_H 1
#define LT_OBJDIR ".libs/"
#define HAVE_LIBM 1
#define STDC_HEADERS 1
#define HAVE_FLOAT_H 1
#define HAVE_LIMITS_H 1
#define HAVE_STDLIB_H 1
#define HAVE_MALLOC 1
#define HAVE_STDLIB_H 1
#define HAVE_REALLOC 1
#define HAVE_FLOOR 1
#define HAVE_MODF 1
#define HAVE_POW 1
#define HAVE_SQRT 1
#define HAVE_STRCHR 1

configure: exit 0
